<?xml version="1.0" encoding="UTF-8"?>
<!-- Generated by org.testng.reporters.JUnitXMLReporter -->
<testsuite hostname="Workstation" failures="0" tests="1" name="GTN Smoke Test" time="0.069" errors="0" timestamp="7 Dec 2020 12:22:20 GMT">
  <testcase classname="testCases.InvokeBrowser" name="@BeforeClass beforeClass" time="0.0">
    <failure type="java.lang.IllegalStateException" message="The driver executable is a directory: H:\dpkprmr Work\Integrichain\quick-test\src\test\resources\drivers">
      <![CDATA[java.lang.IllegalStateException: The driver executable is a directory: H:\dpkprmr Work\Integrichain\quick-test\src\test\resources\drivers
	at com.google.common.base.Preconditions.checkState(Preconditions.java:197)
	at org.openqa.selenium.remote.service.DriverService.checkExecutable(DriverService.java:123)
	at org.openqa.selenium.remote.service.DriverService.findExecutable(DriverService.java:116)
	at org.openqa.selenium.chrome.ChromeDriverService.access$000(ChromeDriverService.java:32)
	at org.openqa.selenium.chrome.ChromeDriverService$Builder.findDefaultExecutable(ChromeDriverService.java:137)
	at org.openqa.selenium.remote.service.DriverService$Builder.build(DriverService.java:296)
	at org.openqa.selenium.chrome.ChromeDriverService.createDefaultService(ChromeDriverService.java:88)
	at org.openqa.selenium.chrome.ChromeDriver.<init>(ChromeDriver.java:116)
	at testCases.InvokeBrowser.beforeClass(InvokeBrowser.java:27)
... Removed 27 stack frames]]>
    </failure>
  </testcase> <!-- @BeforeClass beforeClass -->
  <testcase classname="testCases.InvokeBrowser" name="@AfterClass afterClass" time="0.0">
    <failure type="java.lang.NullPointerException">
      <![CDATA[java.lang.NullPointerException
	at testCases.InvokeBrowser.afterClass(InvokeBrowser.java:39)
... Removed 27 stack frames]]>
    </failure>
  </testcase> <!-- @AfterClass afterClass -->
  <testcase classname="testCases.InvokeBrowser" name="f" time="0.001">
    <skipped/>
  </testcase> <!-- f -->
</testsuite> <!-- GTN Smoke Test -->
