<?xml version="1.0" encoding="UTF-8"?>
<testsuite xmlns:xsi="http://www.w3.org/2001/XMLSchema-instance" xsi:schemaLocation="https://maven.apache.org/surefire/maven-surefire-plugin/xsd/surefire-test-report.xsd" name="TestSuite" time="0.622" tests="3" errors="0" skipped="1" failures="2">
  <properties>
[...]
</properties>
  <testcase name="beforeClass" classname="testCases.InvokeBrowser" time="0.302">
    <failure message="The driver executable is a directory: H:\dpkprmr Work\Integrichain\quick-test\src\test\resources\drivers" type="java.lang.IllegalStateException">java.lang.IllegalStateException: The driver executable is a directory: H:\dpkprmr Work\Integrichain\quick-test\src\test\resources\drivers
	at testCases.InvokeBrowser.beforeClass(InvokeBrowser.java:27)
</failure>
    <system-out><![CDATA[Before Class Execution
]]></system-out>
  </testcase>
  <testcase name="f" classname="testCases.InvokeBrowser" time="0">
    <skipped/>
  </testcase>
  <testcase name="afterClass" classname="testCases.InvokeBrowser" time="0.001">
    <failure type="java.lang.NullPointerException">java.lang.NullPointerException
	at testCases.InvokeBrowser.afterClass(InvokeBrowser.java:39)
</failure>
  </testcase>
</testsuite>