<?xml version="1.0" encoding="UTF-8"?>
<testng-results total="1" passed="1" failed="0" skipped="0">
  <reporter-output>
  </reporter-output>
  <suite started-at="2020-12-07T12:25:06Z" name="Drive Quick Smoke Test Suite" finished-at="2020-12-07T12:25:17Z" duration-ms="11074">
    <groups>
      <group name="Test">
        <method signature="InvokeBrowser.f()[pri:0, instance:testCases.InvokeBrowser@2698dc7]" name="f" class="testCases.InvokeBrowser"/>
      </group> <!-- Test -->
    </groups>
    <test started-at="2020-12-07T12:25:06Z" name="GTN Smoke Test" finished-at="2020-12-07T12:25:17Z" duration-ms="11074">
      <class name="testCases.InvokeBrowser">
        <test-method is-config="true" signature="beforeClass()[pri:0, instance:testCases.InvokeBrowser@2698dc7]" started-at="2020-12-07T17:55:06Z" name="beforeClass" finished-at="2020-12-07T17:55:16Z" duration-ms="9144" status="PASS">
          <reporter-output>
          </reporter-output>
        </test-method> <!-- beforeClass -->
        <test-method signature="f()[pri:0, instance:testCases.InvokeBrowser@2698dc7]" started-at="2020-12-07T17:55:16Z" name="f" finished-at="2020-12-07T17:55:17Z" duration-ms="949" status="PASS">
          <reporter-output>
          </reporter-output>
        </test-method> <!-- f -->
        <test-method is-config="true" signature="afterClass()[pri:0, instance:testCases.InvokeBrowser@2698dc7]" started-at="2020-12-07T17:55:17Z" name="afterClass" finished-at="2020-12-07T17:55:17Z" duration-ms="973" status="PASS">
          <reporter-output>
          </reporter-output>
        </test-method> <!-- afterClass -->
      </class> <!-- testCases.InvokeBrowser -->
    </test> <!-- GTN Smoke Test -->
  </suite> <!-- Drive Quick Smoke Test Suite -->
</testng-results>
