<?xml version="1.0" encoding="UTF-8"?>
<testng-results skipped="0" failed="0" total="1" passed="1">
  <reporter-output>
  </reporter-output>
  <suite name="Drive Quick Smoke Test Suite" duration-ms="15371" started-at="2020-12-01T06:35:52Z" finished-at="2020-12-01T06:36:08Z">
    <groups>
      <group name="Test">
        <method signature="InvokeBrowser.f()[pri:0, instance:testCases.InvokeBrowser@3abbfa04]" name="f" class="testCases.InvokeBrowser"/>
      </group> <!-- Test -->
    </groups>
    <test name="GTN Smoke Test" duration-ms="15371" started-at="2020-12-01T06:35:52Z" finished-at="2020-12-01T06:36:08Z">
      <class name="testCases.InvokeBrowser">
        <test-method status="PASS" signature="beforeClass()[pri:0, instance:testCases.InvokeBrowser@3abbfa04]" name="beforeClass" is-config="true" duration-ms="11548" started-at="2020-12-01T12:05:52Z" finished-at="2020-12-01T12:06:04Z">
          <reporter-output>
          </reporter-output>
        </test-method> <!-- beforeClass -->
        <test-method status="PASS" signature="f()[pri:0, instance:testCases.InvokeBrowser@3abbfa04]" name="f" duration-ms="2439" started-at="2020-12-01T12:06:04Z" finished-at="2020-12-01T12:06:06Z">
          <reporter-output>
          </reporter-output>
        </test-method> <!-- f -->
        <test-method status="PASS" signature="afterClass()[pri:0, instance:testCases.InvokeBrowser@3abbfa04]" name="afterClass" is-config="true" duration-ms="1374" started-at="2020-12-01T12:06:06Z" finished-at="2020-12-01T12:06:08Z">
          <reporter-output>
          </reporter-output>
        </test-method> <!-- afterClass -->
      </class> <!-- testCases.InvokeBrowser -->
    </test> <!-- GTN Smoke Test -->
  </suite> <!-- Drive Quick Smoke Test Suite -->
</testng-results>
